<?xml version="1.0" encoding="UTF-8"?>
<!-- Generated by org.testng.reporters.JUnitReportReporter -->
<testsuite hostname="SWARAJ" failures="0" tests="1" name="testLayer.LoginPageTest" time="1.651" errors="0" timestamp="2024-07-16T18:19:18 IST" skipped="0">
  <testcase classname="testLayer.LoginPageTest" name="logintest" time="1.651"/>
  <system-out/>
</testsuite> <!-- testLayer.LoginPageTest -->
